<?xml version="1.0" encoding="UTF-8"?>
<!-- Generated by org.testng.reporters.JUnitReportReporter -->
<testsuite hostname="DELL-PC" failures="0" tests="1" name="MavenTutorial.Maven.Selenium" time="0.017" errors="0" timestamp="2020-05-06T13:34:24 IST" skipped="0">
  <testcase classname="MavenTutorial.Maven.Selenium" name="BrowserLogin" time="0.017"/>
  <system-out/>
</testsuite> <!-- MavenTutorial.Maven.Selenium -->
