<?xml version="1.0" encoding="UTF-8"?>
<!-- Generated by org.testng.reporters.JUnitReportReporter -->
<testsuite hostname="DELL-PC" failures="0" tests="2" name="MavenTutorial.Maven.RestAPITest" time="0.009" errors="0" timestamp="2020-05-06T19:38:29 IST" skipped="0">
  <testcase classname="MavenTutorial.Maven.RestAPITest" name="APILogin" time="0.008"/>
  <system-out/>
  <testcase classname="MavenTutorial.Maven.RestAPITest" name="APIValidation" time="0.001"/>
  <system-out/>
</testsuite> <!-- MavenTutorial.Maven.RestAPITest -->
