<?xml version="1.0" encoding="UTF-8"?>
<!-- Generated by org.testng.reporters.JUnitReportReporter -->
<testsuite hostname="DELL-PC" failures="0" tests="2" name="MavenTutorial.Maven.SeleniumTest" time="0.001" errors="0" timestamp="2020-05-06T19:38:08 IST" skipped="0">
  <testcase classname="MavenTutorial.Maven.SeleniumTest" name="BrowserLogin" time="0.001"/>
  <system-out/>
  <testcase classname="MavenTutorial.Maven.SeleniumTest" name="BrowserValidation" time="0.000"/>
  <system-out/>
</testsuite> <!-- MavenTutorial.Maven.SeleniumTest -->
