<?xml version="1.0" encoding="UTF-8"?>
<!-- Generated by org.testng.reporters.JUnitReportReporter -->
<testsuite hostname="DELL-PC" failures="0" tests="2" name="MavenTutorial.Maven.AppiumTest" time="0.002" errors="0" timestamp="2020-05-06T19:38:29 IST" skipped="0">
  <testcase classname="MavenTutorial.Maven.AppiumTest" name="MobileValidation" time="0.001"/>
  <system-out/>
  <testcase classname="MavenTutorial.Maven.AppiumTest" name="MobileLogin" time="0.001"/>
  <system-out/>
</testsuite> <!-- MavenTutorial.Maven.AppiumTest -->
